{"/Users/thibaudevrard/Downloads/Archive/app/firebase_app.js": {"path":"/Users/thibaudevrard/Downloads/Archive/app/firebase_app.js","statementMap":{"0":{"start":{"line":1,"column":53},"end":{"line":1,"column":82}},"1":{"start":{"line":3,"column":21},"end":{"line":3,"column":69}},"2":{"start":{"line":6,"column":26},"end":{"line":6,"column":35}},"3":{"start":{"line":8,"column":2},"end":{"line":10,"column":3}},"4":{"start":{"line":9,"column":4},"end":{"line":9,"column":30}},"5":{"start":{"line":12,"column":2},"end":{"line":15,"column":5}},"6":{"start":{"line":18,"column":0},"end":{"line":20,"column":2}}},"fnMap":{"0":{"name":"getFirebaseApp","decl":{"start":{"line":5,"column":9},"end":{"line":5,"column":23}},"loc":{"start":{"line":5,"column":26},"end":{"line":16,"column":1}},"line":5}},"branchMap":{"0":{"loc":{"start":{"line":8,"column":2},"end":{"line":10,"column":3}},"type":"if","locations":[{"start":{"line":8,"column":2},"end":{"line":10,"column":3}},{"start":{},"end":{}}],"line":8}},"s":{"0":1,"1":1,"2":0,"3":0,"4":0,"5":0,"6":1},"f":{"0":0},"b":{"0":[0,0]},"_coverageSchema":"1a1c01bbd47fc00a2c39e90264f33305004495a9","hash":"86227fc919c7a90f407e22de7cbaa9ee180d6135"}
,"/Users/thibaudevrard/Downloads/Archive/app/firebase_auth.js": {"path":"/Users/thibaudevrard/Downloads/Archive/app/firebase_auth.js","statementMap":{"0":{"start":{"line":1,"column":18},"end":{"line":1,"column":48}},"1":{"start":{"line":2,"column":25},"end":{"line":2,"column":50}},"2":{"start":{"line":5,"column":24},"end":{"line":5,"column":54}},"3":{"start":{"line":6,"column":16},"end":{"line":6,"column":52}},"4":{"start":{"line":8,"column":2},"end":{"line":10,"column":3}},"5":{"start":{"line":9,"column":4},"end":{"line":9,"column":68}},"6":{"start":{"line":12,"column":2},"end":{"line":18,"column":80}},"7":{"start":{"line":15,"column":6},"end":{"line":15,"column":30}},"8":{"start":{"line":16,"column":6},"end":{"line":16,"column":20}},"9":{"start":{"line":18,"column":17},"end":{"line":18,"column":78}},"10":{"start":{"line":21,"column":0},"end":{"line":23,"column":2}}},"fnMap":{"0":{"name":"requireFirebaseAuth","decl":{"start":{"line":4,"column":9},"end":{"line":4,"column":28}},"loc":{"start":{"line":4,"column":45},"end":{"line":19,"column":1}},"line":4},"1":{"name":"(anonymous_1)","decl":{"start":{"line":14,"column":10},"end":{"line":14,"column":11}},"loc":{"start":{"line":14,"column":26},"end":{"line":17,"column":5}},"line":14},"2":{"name":"(anonymous_2)","decl":{"start":{"line":18,"column":11},"end":{"line":18,"column":12}},"loc":{"start":{"line":18,"column":17},"end":{"line":18,"column":78}},"line":18}},"branchMap":{"0":{"loc":{"start":{"line":5,"column":24},"end":{"line":5,"column":54}},"type":"binary-expr","locations":[{"start":{"line":5,"column":24},"end":{"line":5,"column":48}},{"start":{"line":5,"column":52},"end":{"line":5,"column":54}}],"line":5},"1":{"loc":{"start":{"line":8,"column":2},"end":{"line":10,"column":3}},"type":"if","locations":[{"start":{"line":8,"column":2},"end":{"line":10,"column":3}},{"start":{},"end":{}}],"line":8}},"s":{"0":1,"1":1,"2":3,"3":3,"4":3,"5":1,"6":2,"7":1,"8":1,"9":1,"10":1},"f":{"0":3,"1":1,"2":1},"b":{"0":[3,1],"1":[1,2]},"_coverageSchema":"1a1c01bbd47fc00a2c39e90264f33305004495a9","hash":"fbaebd62d0498b7608e7d9d43adefb61680313f9"}
,"/Users/thibaudevrard/Downloads/Archive/app/firebase_zip_store.js": {"path":"/Users/thibaudevrard/Downloads/Archive/app/firebase_zip_store.js","statementMap":{"0":{"start":{"line":1,"column":13},"end":{"line":1,"column":28}},"1":{"start":{"line":2,"column":22},"end":{"line":2,"column":56}},"2":{"start":{"line":3,"column":25},"end":{"line":3,"column":50}},"3":{"start":{"line":5,"column":26},"end":{"line":5,"column":35}},"4":{"start":{"line":8,"column":19},"end":{"line":8,"column":66}},"5":{"start":{"line":9,"column":2},"end":{"line":12,"column":14}},"6":{"start":{"line":11,"column":23},"end":{"line":11,"column":69}},"7":{"start":{"line":16,"column":20},"end":{"line":16,"column":30}},"8":{"start":{"line":17,"column":19},"end":{"line":17,"column":70}},"9":{"start":{"line":18,"column":23},"end":{"line":21,"column":35}},"10":{"start":{"line":23,"column":15},"end":{"line":31,"column":3}},"11":{"start":{"line":33,"column":2},"end":{"line":33,"column":49}},"12":{"start":{"line":33,"column":43},"end":{"line":33,"column":47}},"13":{"start":{"line":36,"column":0},"end":{"line":38,"column":2}}},"fnMap":{"0":{"name":"getZipKey","decl":{"start":{"line":7,"column":9},"end":{"line":7,"column":18}},"loc":{"start":{"line":7,"column":29},"end":{"line":13,"column":1}},"line":7},"1":{"name":"(anonymous_1)","decl":{"start":{"line":11,"column":9},"end":{"line":11,"column":10}},"loc":{"start":{"line":11,"column":23},"end":{"line":11,"column":69}},"line":11},"2":{"name":"saveSuccessfulZip","decl":{"start":{"line":15,"column":9},"end":{"line":15,"column":26}},"loc":{"start":{"line":15,"column":51},"end":{"line":34,"column":1}},"line":15},"3":{"name":"(anonymous_3)","decl":{"start":{"line":33,"column":37},"end":{"line":33,"column":38}},"loc":{"start":{"line":33,"column":43},"end":{"line":33,"column":47}},"line":33}},"branchMap":{"0":{"loc":{"start":{"line":11,"column":23},"end":{"line":11,"column":69}},"type":"cond-expr","locations":[{"start":{"line":11,"column":54},"end":{"line":11,"column":57}},{"start":{"line":11,"column":60},"end":{"line":11,"column":69}}],"line":11},"1":{"loc":{"start":{"line":17,"column":19},"end":{"line":17,"column":70}},"type":"binary-expr","locations":[{"start":{"line":17,"column":19},"end":{"line":17,"column":49}},{"start":{"line":17,"column":53},"end":{"line":17,"column":70}}],"line":17}},"s":{"0":2,"1":2,"2":2,"3":2,"4":1,"5":1,"6":7,"7":1,"8":1,"9":1,"10":1,"11":1,"12":1,"13":2},"f":{"0":1,"1":7,"2":1,"3":1},"b":{"0":[0,7],"1":[1,0]},"_coverageSchema":"1a1c01bbd47fc00a2c39e90264f33305004495a9","hash":"a48c87c0158aeb391057652eefb306825bd0500d"}
,"/Users/thibaudevrard/Downloads/Archive/app/form_validator.js": {"path":"/Users/thibaudevrard/Downloads/Archive/app/form_validator.js","statementMap":{"0":{"start":{"line":3,"column":34},"end":{"line":3,"column":50}},"1":{"start":{"line":4,"column":2},"end":{"line":4,"column":45}},"2":{"start":{"line":8,"column":2},"end":{"line":8,"column":44}},"3":{"start":{"line":12,"column":2},"end":{"line":12,"column":68}},"4":{"start":{"line":15,"column":0},"end":{"line":19,"column":2}}},"fnMap":{"0":{"name":"isValidCommaDelimitedList","decl":{"start":{"line":1,"column":9},"end":{"line":1,"column":34}},"loc":{"start":{"line":1,"column":42},"end":{"line":5,"column":1}},"line":1},"1":{"name":"isValidTagmode","decl":{"start":{"line":7,"column":9},"end":{"line":7,"column":23}},"loc":{"start":{"line":7,"column":31},"end":{"line":9,"column":1}},"line":7},"2":{"name":"hasValidFlickrAPIParams","decl":{"start":{"line":11,"column":9},"end":{"line":11,"column":32}},"loc":{"start":{"line":11,"column":48},"end":{"line":13,"column":1}},"line":11}},"branchMap":{"0":{"loc":{"start":{"line":8,"column":9},"end":{"line":8,"column":43}},"type":"binary-expr","locations":[{"start":{"line":8,"column":9},"end":{"line":8,"column":24}},{"start":{"line":8,"column":28},"end":{"line":8,"column":43}}],"line":8},"1":{"loc":{"start":{"line":12,"column":9},"end":{"line":12,"column":67}},"type":"binary-expr","locations":[{"start":{"line":12,"column":9},"end":{"line":12,"column":40}},{"start":{"line":12,"column":44},"end":{"line":12,"column":67}}],"line":12}},"s":{"0":17,"1":17,"2":9,"3":8,"4":2},"f":{"0":17,"1":9,"2":8},"b":{"0":[9,3],"1":[8,6]},"_coverageSchema":"1a1c01bbd47fc00a2c39e90264f33305004495a9","hash":"03439f4c57bfc7e3d80653aafdba944e1ad4dc8c"}
,"/Users/thibaudevrard/Downloads/Archive/app/job_store.js": {"path":"/Users/thibaudevrard/Downloads/Archive/app/job_store.js","statementMap":{"0":{"start":{"line":1,"column":13},"end":{"line":1,"column":22}},"1":{"start":{"line":4,"column":14},"end":{"line":4,"column":46}},"2":{"start":{"line":5,"column":2},"end":{"line":5,"column":22}},"3":{"start":{"line":6,"column":2},"end":{"line":6,"column":13}},"4":{"start":{"line":10,"column":2},"end":{"line":10,"column":24}},"5":{"start":{"line":13,"column":0},"end":{"line":16,"column":2}}},"fnMap":{"0":{"name":"markSuccessful","decl":{"start":{"line":3,"column":9},"end":{"line":3,"column":23}},"loc":{"start":{"line":3,"column":40},"end":{"line":7,"column":1}},"line":3},"1":{"name":"getJob","decl":{"start":{"line":9,"column":9},"end":{"line":9,"column":15}},"loc":{"start":{"line":9,"column":22},"end":{"line":11,"column":1}},"line":9}},"branchMap":{},"s":{"0":2,"1":1,"2":1,"3":1,"4":1,"5":2},"f":{"0":1,"1":1},"b":{},"_coverageSchema":"1a1c01bbd47fc00a2c39e90264f33305004495a9","hash":"dcd62687fde9ae9e3410f5ccd77715e87e568518"}
,"/Users/thibaudevrard/Downloads/Archive/app/jsonp_helper.js": {"path":"/Users/thibaudevrard/Downloads/Archive/app/jsonp_helper.js","statementMap":{"0":{"start":{"line":2,"column":2},"end":{"line":14,"column":3}},"1":{"start":{"line":3,"column":21},"end":{"line":3,"column":44}},"2":{"start":{"line":4,"column":19},"end":{"line":4,"column":46}},"3":{"start":{"line":5,"column":21},"end":{"line":5,"column":66}},"4":{"start":{"line":8,"column":4},"end":{"line":8,"column":49}},"5":{"start":{"line":10,"column":4},"end":{"line":10,"column":34}},"6":{"start":{"line":12,"column":18},"end":{"line":12,"column":76}},"7":{"start":{"line":13,"column":4},"end":{"line":13,"column":16}},"8":{"start":{"line":17,"column":0},"end":{"line":19,"column":2}}},"fnMap":{"0":{"name":"parseJSONP","decl":{"start":{"line":1,"column":9},"end":{"line":1,"column":19}},"loc":{"start":{"line":1,"column":31},"end":{"line":15,"column":1}},"line":1}},"branchMap":{},"s":{"0":5,"1":5,"2":5,"3":5,"4":5,"5":5,"6":2,"7":2,"8":5},"f":{"0":5},"b":{},"_coverageSchema":"1a1c01bbd47fc00a2c39e90264f33305004495a9","hash":"1eacb75463e21ad1bc9750e06cae24d96ef3f87e"}
,"/Users/thibaudevrard/Downloads/Archive/app/photo_model.js": {"path":"/Users/thibaudevrard/Downloads/Archive/app/photo_model.js","statementMap":{"0":{"start":{"line":1,"column":20},"end":{"line":1,"column":42}},"1":{"start":{"line":2,"column":20},"end":{"line":2,"column":45}},"2":{"start":{"line":5,"column":14},"end":{"line":5,"column":28}},"3":{"start":{"line":6,"column":13},"end":{"line":6,"column":69}},"4":{"start":{"line":8,"column":18},"end":{"line":8,"column":81}},"5":{"start":{"line":10,"column":2},"end":{"line":20,"column":5}},"6":{"start":{"line":11,"column":22},"end":{"line":11,"column":59}},"7":{"start":{"line":13,"column":4},"end":{"line":16,"column":7}},"8":{"start":{"line":14,"column":6},"end":{"line":14,"column":64}},"9":{"start":{"line":15,"column":6},"end":{"line":15,"column":64}},"10":{"start":{"line":19,"column":4},"end":{"line":19,"column":27}},"11":{"start":{"line":23,"column":0},"end":{"line":25,"column":2}}},"fnMap":{"0":{"name":"getFlickrPhotos","decl":{"start":{"line":4,"column":9},"end":{"line":4,"column":24}},"loc":{"start":{"line":4,"column":40},"end":{"line":21,"column":1}},"line":4},"1":{"name":"(anonymous_1)","decl":{"start":{"line":10,"column":39},"end":{"line":10,"column":40}},"loc":{"start":{"line":10,"column":51},"end":{"line":20,"column":3}},"line":10},"2":{"name":"(anonymous_2)","decl":{"start":{"line":13,"column":28},"end":{"line":13,"column":29}},"loc":{"start":{"line":13,"column":37},"end":{"line":16,"column":5}},"line":13}},"branchMap":{},"s":{"0":4,"1":4,"2":3,"3":3,"4":3,"5":3,"6":2,"7":1,"8":2,"9":2,"10":1,"11":4},"f":{"0":3,"1":2,"2":2},"b":{},"_coverageSchema":"1a1c01bbd47fc00a2c39e90264f33305004495a9","hash":"cb8e19c76a96e2f265b3dd419a6404478172fd6d"}
,"/Users/thibaudevrard/Downloads/Archive/app/route.js": {"path":"/Users/thibaudevrard/Downloads/Archive/app/route.js","statementMap":{"0":{"start":{"line":1,"column":22},"end":{"line":1,"column":49}},"1":{"start":{"line":2,"column":21},"end":{"line":2,"column":47}},"2":{"start":{"line":3,"column":17},"end":{"line":3,"column":39}},"3":{"start":{"line":4,"column":19},"end":{"line":4,"column":43}},"4":{"start":{"line":5,"column":20},"end":{"line":5,"column":45}},"5":{"start":{"line":6,"column":19},"end":{"line":6,"column":43}},"6":{"start":{"line":9,"column":14},"end":{"line":9,"column":35}},"7":{"start":{"line":10,"column":2},"end":{"line":12,"column":3}},"8":{"start":{"line":11,"column":4},"end":{"line":11,"column":33}},"9":{"start":{"line":13,"column":2},"end":{"line":13,"column":55}},"10":{"start":{"line":17,"column":2},"end":{"line":21,"column":4}},"11":{"start":{"line":18,"column":4},"end":{"line":20,"column":6}},"12":{"start":{"line":23,"column":2},"end":{"line":63,"column":5}},"13":{"start":{"line":24,"column":17},"end":{"line":24,"column":31}},"14":{"start":{"line":25,"column":20},"end":{"line":25,"column":37}},"15":{"start":{"line":27,"column":30},"end":{"line":35,"column":5}},"16":{"start":{"line":38,"column":4},"end":{"line":40,"column":5}},"17":{"start":{"line":39,"column":6},"end":{"line":39,"column":52}},"18":{"start":{"line":43,"column":4},"end":{"line":46,"column":5}},"19":{"start":{"line":44,"column":6},"end":{"line":44,"column":49}},"20":{"start":{"line":45,"column":6},"end":{"line":45,"column":52}},"21":{"start":{"line":49,"column":4},"end":{"line":62,"column":9}},"22":{"start":{"line":54,"column":8},"end":{"line":54,"column":46}},"23":{"start":{"line":55,"column":8},"end":{"line":55,"column":46}},"24":{"start":{"line":56,"column":8},"end":{"line":56,"column":47}},"25":{"start":{"line":57,"column":8},"end":{"line":57,"column":54}},"26":{"start":{"line":60,"column":8},"end":{"line":60,"column":42}},"27":{"start":{"line":61,"column":8},"end":{"line":61,"column":47}},"28":{"start":{"line":65,"column":2},"end":{"line":79,"column":5}},"29":{"start":{"line":66,"column":17},"end":{"line":66,"column":31}},"30":{"start":{"line":68,"column":4},"end":{"line":70,"column":5}},"31":{"start":{"line":69,"column":6},"end":{"line":69,"column":69}},"32":{"start":{"line":72,"column":4},"end":{"line":78,"column":9}},"33":{"start":{"line":74,"column":25},"end":{"line":74,"column":58}},"34":{"start":{"line":76,"column":8},"end":{"line":76,"column":60}},"35":{"start":{"line":77,"column":8},"end":{"line":77,"column":76}},"36":{"start":{"line":81,"column":2},"end":{"line":100,"column":5}},"37":{"start":{"line":82,"column":17},"end":{"line":82,"column":31}},"38":{"start":{"line":84,"column":4},"end":{"line":86,"column":5}},"39":{"start":{"line":85,"column":6},"end":{"line":85,"column":69}},"40":{"start":{"line":88,"column":16},"end":{"line":88,"column":37}},"41":{"start":{"line":89,"column":4},"end":{"line":91,"column":5}},"42":{"start":{"line":90,"column":6},"end":{"line":90,"column":55}},"43":{"start":{"line":93,"column":4},"end":{"line":99,"column":9}},"44":{"start":{"line":95,"column":19},"end":{"line":95,"column":54}},"45":{"start":{"line":97,"column":8},"end":{"line":97,"column":68}},"46":{"start":{"line":98,"column":8},"end":{"line":98,"column":73}},"47":{"start":{"line":103,"column":0},"end":{"line":103,"column":23}}},"fnMap":{"0":{"name":"getZipUrl","decl":{"start":{"line":8,"column":9},"end":{"line":8,"column":18}},"loc":{"start":{"line":8,"column":25},"end":{"line":14,"column":1}},"line":8},"1":{"name":"route","decl":{"start":{"line":16,"column":9},"end":{"line":16,"column":14}},"loc":{"start":{"line":16,"column":20},"end":{"line":101,"column":1}},"line":16},"2":{"name":"(anonymous_2)","decl":{"start":{"line":17,"column":25},"end":{"line":17,"column":26}},"loc":{"start":{"line":18,"column":4},"end":{"line":20,"column":6}},"line":18},"3":{"name":"(anonymous_3)","decl":{"start":{"line":23,"column":15},"end":{"line":23,"column":16}},"loc":{"start":{"line":23,"column":29},"end":{"line":63,"column":3}},"line":23},"4":{"name":"(anonymous_4)","decl":{"start":{"line":53,"column":12},"end":{"line":53,"column":13}},"loc":{"start":{"line":53,"column":23},"end":{"line":58,"column":7}},"line":53},"5":{"name":"(anonymous_5)","decl":{"start":{"line":59,"column":13},"end":{"line":59,"column":14}},"loc":{"start":{"line":59,"column":22},"end":{"line":62,"column":7}},"line":59},"6":{"name":"(anonymous_6)","decl":{"start":{"line":65,"column":53},"end":{"line":65,"column":54}},"loc":{"start":{"line":65,"column":67},"end":{"line":79,"column":3}},"line":65},"7":{"name":"(anonymous_7)","decl":{"start":{"line":74,"column":12},"end":{"line":74,"column":13}},"loc":{"start":{"line":74,"column":25},"end":{"line":74,"column":58}},"line":74},"8":{"name":"(anonymous_8)","decl":{"start":{"line":75,"column":13},"end":{"line":75,"column":14}},"loc":{"start":{"line":75,"column":22},"end":{"line":78,"column":7}},"line":75},"9":{"name":"(anonymous_9)","decl":{"start":{"line":81,"column":59},"end":{"line":81,"column":60}},"loc":{"start":{"line":81,"column":73},"end":{"line":100,"column":3}},"line":81},"10":{"name":"(anonymous_10)","decl":{"start":{"line":95,"column":12},"end":{"line":95,"column":13}},"loc":{"start":{"line":95,"column":19},"end":{"line":95,"column":54}},"line":95},"11":{"name":"(anonymous_11)","decl":{"start":{"line":96,"column":13},"end":{"line":96,"column":14}},"loc":{"start":{"line":96,"column":22},"end":{"line":99,"column":7}},"line":96}},"branchMap":{"0":{"loc":{"start":{"line":10,"column":2},"end":{"line":12,"column":3}},"type":"if","locations":[{"start":{"line":10,"column":2},"end":{"line":12,"column":3}},{"start":{},"end":{}}],"line":10},"1":{"loc":{"start":{"line":28,"column":21},"end":{"line":28,"column":31}},"type":"binary-expr","locations":[{"start":{"line":28,"column":21},"end":{"line":28,"column":25}},{"start":{"line":28,"column":29},"end":{"line":28,"column":31}}],"line":28},"2":{"loc":{"start":{"line":29,"column":24},"end":{"line":29,"column":37}},"type":"binary-expr","locations":[{"start":{"line":29,"column":24},"end":{"line":29,"column":31}},{"start":{"line":29,"column":35},"end":{"line":29,"column":37}}],"line":29},"3":{"loc":{"start":{"line":32,"column":24},"end":{"line":32,"column":67}},"type":"binary-expr","locations":[{"start":{"line":32,"column":24},"end":{"line":32,"column":54}},{"start":{"line":32,"column":58},"end":{"line":32,"column":67}}],"line":32},"4":{"loc":{"start":{"line":38,"column":4},"end":{"line":40,"column":5}},"type":"if","locations":[{"start":{"line":38,"column":4},"end":{"line":40,"column":5}},{"start":{},"end":{}}],"line":38},"5":{"loc":{"start":{"line":38,"column":8},"end":{"line":38,"column":25}},"type":"binary-expr","locations":[{"start":{"line":38,"column":8},"end":{"line":38,"column":13}},{"start":{"line":38,"column":17},"end":{"line":38,"column":25}}],"line":38},"6":{"loc":{"start":{"line":43,"column":4},"end":{"line":46,"column":5}},"type":"if","locations":[{"start":{"line":43,"column":4},"end":{"line":46,"column":5}},{"start":{},"end":{}}],"line":43},"7":{"loc":{"start":{"line":68,"column":4},"end":{"line":70,"column":5}},"type":"if","locations":[{"start":{"line":68,"column":4},"end":{"line":70,"column":5}},{"start":{},"end":{}}],"line":68},"8":{"loc":{"start":{"line":68,"column":8},"end":{"line":68,"column":63}},"type":"binary-expr","locations":[{"start":{"line":68,"column":8},"end":{"line":68,"column":13}},{"start":{"line":68,"column":17},"end":{"line":68,"column":63}}],"line":68},"9":{"loc":{"start":{"line":84,"column":4},"end":{"line":86,"column":5}},"type":"if","locations":[{"start":{"line":84,"column":4},"end":{"line":86,"column":5}},{"start":{},"end":{}}],"line":84},"10":{"loc":{"start":{"line":84,"column":8},"end":{"line":84,"column":63}},"type":"binary-expr","locations":[{"start":{"line":84,"column":8},"end":{"line":84,"column":13}},{"start":{"line":84,"column":17},"end":{"line":84,"column":63}}],"line":84},"11":{"loc":{"start":{"line":89,"column":4},"end":{"line":91,"column":5}},"type":"if","locations":[{"start":{"line":89,"column":4},"end":{"line":91,"column":5}},{"start":{},"end":{}}],"line":89}},"s":{"0":1,"1":1,"2":1,"3":1,"4":1,"5":1,"6":4,"7":4,"8":3,"9":1,"10":1,"11":1,"12":1,"13":6,"14":6,"15":6,"16":6,"17":1,"18":5,"19":1,"20":1,"21":4,"22":3,"23":3,"24":3,"25":3,"26":1,"27":1,"28":1,"29":3,"30":3,"31":1,"32":2,"33":1,"34":1,"35":1,"36":1,"37":2,"38":2,"39":0,"40":2,"41":2,"42":1,"43":1,"44":1,"45":0,"46":0,"47":1},"f":{"0":4,"1":1,"2":1,"3":6,"4":3,"5":1,"6":3,"7":1,"8":1,"9":2,"10":1,"11":0},"b":{"0":[3,1],"1":[6,1],"2":[6,1],"3":[6,0],"4":[1,5],"5":[6,1],"6":[1,4],"7":[1,2],"8":[3,3],"9":[0,2],"10":[2,2],"11":[1,1]},"_coverageSchema":"1a1c01bbd47fc00a2c39e90264f33305004495a9","hash":"7aba867c923a6c4ceb8d05b199ed1eab7ab92208"}
,"/Users/thibaudevrard/Downloads/Archive/app/server.js": {"path":"/Users/thibaudevrard/Downloads/Archive/app/server.js","statementMap":{"0":{"start":{"line":1,"column":0},"end":{"line":1,"column":40}},"1":{"start":{"line":3,"column":16},"end":{"line":3,"column":34}},"2":{"start":{"line":4,"column":16},"end":{"line":4,"column":40}},"3":{"start":{"line":5,"column":13},"end":{"line":5,"column":28}},"4":{"start":{"line":6,"column":18},"end":{"line":6,"column":41}},"5":{"start":{"line":8,"column":12},"end":{"line":8,"column":21}},"6":{"start":{"line":11,"column":0},"end":{"line":11,"column":56}},"7":{"start":{"line":12,"column":0},"end":{"line":12,"column":71}},"8":{"start":{"line":13,"column":0},"end":{"line":13,"column":77}},"9":{"start":{"line":16,"column":0},"end":{"line":16,"column":46}},"10":{"start":{"line":17,"column":0},"end":{"line":17,"column":48}},"11":{"start":{"line":18,"column":0},"end":{"line":18,"column":31}},"12":{"start":{"line":21,"column":0},"end":{"line":21,"column":24}},"13":{"start":{"line":24,"column":13},"end":{"line":24,"column":37}},"14":{"start":{"line":25,"column":0},"end":{"line":25,"column":30}},"15":{"start":{"line":26,"column":0},"end":{"line":26,"column":41}},"16":{"start":{"line":27,"column":0},"end":{"line":27,"column":30}},"17":{"start":{"line":29,"column":0},"end":{"line":29,"column":21}}},"fnMap":{},"branchMap":{"0":{"loc":{"start":{"line":24,"column":13},"end":{"line":24,"column":37}},"type":"binary-expr","locations":[{"start":{"line":24,"column":13},"end":{"line":24,"column":29}},{"start":{"line":24,"column":33},"end":{"line":24,"column":37}}],"line":24}},"s":{"0":1,"1":1,"2":1,"3":1,"4":1,"5":1,"6":1,"7":1,"8":1,"9":1,"10":1,"11":1,"12":1,"13":1,"14":1,"15":1,"16":1,"17":1},"f":{},"b":{"0":[1,0]},"_coverageSchema":"1a1c01bbd47fc00a2c39e90264f33305004495a9","hash":"566f7ab859970334b375b9f3929b6d56e1e89dbb"}
,"/Users/thibaudevrard/Downloads/Archive/app/zip_job.js": {"path":"/Users/thibaudevrard/Downloads/Archive/app/zip_job.js","statementMap":{"0":{"start":{"line":1,"column":15},"end":{"line":1,"column":32}},"1":{"start":{"line":2,"column":18},"end":{"line":2,"column":50}},"2":{"start":{"line":3,"column":18},"end":{"line":3,"column":39}},"3":{"start":{"line":4,"column":19},"end":{"line":4,"column":43}},"4":{"start":{"line":6,"column":19},"end":{"line":6,"column":31}},"5":{"start":{"line":7,"column":28},"end":{"line":7,"column":45}},"6":{"start":{"line":8,"column":19},"end":{"line":8,"column":21}},"7":{"start":{"line":10,"column":16},"end":{"line":10,"column":52}},"8":{"start":{"line":13,"column":2},"end":{"line":21,"column":5}},"9":{"start":{"line":14,"column":4},"end":{"line":14,"column":33}},"10":{"start":{"line":15,"column":4},"end":{"line":20,"column":7}},"11":{"start":{"line":16,"column":6},"end":{"line":18,"column":7}},"12":{"start":{"line":17,"column":8},"end":{"line":17,"column":29}},"13":{"start":{"line":19,"column":6},"end":{"line":19,"column":23}},"14":{"start":{"line":25,"column":2},"end":{"line":38,"column":4}},"15":{"start":{"line":26,"column":29},"end":{"line":26,"column":68}},"16":{"start":{"line":28,"column":18},"end":{"line":28,"column":32}},"17":{"start":{"line":29,"column":6},"end":{"line":29,"column":37}},"18":{"start":{"line":31,"column":21},"end":{"line":31,"column":36}},"19":{"start":{"line":33,"column":6},"end":{"line":35,"column":23}},"20":{"start":{"line":37,"column":6},"end":{"line":37,"column":65}},"21":{"start":{"line":42,"column":23},"end":{"line":45,"column":3}},"22":{"start":{"line":47,"column":2},"end":{"line":88,"column":5}},"23":{"start":{"line":48,"column":27},"end":{"line":48,"column":54}},"24":{"start":{"line":50,"column":4},"end":{"line":52,"column":5}},"25":{"start":{"line":51,"column":6},"end":{"line":51,"column":48}},"26":{"start":{"line":54,"column":21},"end":{"line":54,"column":50}},"27":{"start":{"line":55,"column":17},"end":{"line":55,"column":50}},"28":{"start":{"line":56,"column":25},"end":{"line":62,"column":6}},"29":{"start":{"line":63,"column":16},"end":{"line":63,"column":40}},"30":{"start":{"line":65,"column":4},"end":{"line":87,"column":7}},"31":{"start":{"line":66,"column":6},"end":{"line":66,"column":41}},"32":{"start":{"line":67,"column":6},"end":{"line":67,"column":32}},"33":{"start":{"line":68,"column":6},"end":{"line":73,"column":9}},"34":{"start":{"line":69,"column":8},"end":{"line":72,"column":11}},"35":{"start":{"line":75,"column":6},"end":{"line":75,"column":29}},"36":{"start":{"line":77,"column":6},"end":{"line":86,"column":23}},"37":{"start":{"line":79,"column":10},"end":{"line":83,"column":13}},"38":{"start":{"line":80,"column":29},"end":{"line":80,"column":59}},"39":{"start":{"line":81,"column":32},"end":{"line":81,"column":69}},"40":{"start":{"line":82,"column":12},"end":{"line":82,"column":75}},"41":{"start":{"line":85,"column":20},"end":{"line":85,"column":34}},"42":{"start":{"line":91,"column":0},"end":{"line":93,"column":2}}},"fnMap":{"0":{"name":"addZipEntry","decl":{"start":{"line":12,"column":9},"end":{"line":12,"column":20}},"loc":{"start":{"line":12,"column":40},"end":{"line":22,"column":1}},"line":12},"1":{"name":"(anonymous_1)","decl":{"start":{"line":13,"column":21},"end":{"line":13,"column":22}},"loc":{"start":{"line":13,"column":42},"end":{"line":21,"column":3}},"line":13},"2":{"name":"(anonymous_2)","decl":{"start":{"line":15,"column":30},"end":{"line":15,"column":31}},"loc":{"start":{"line":15,"column":39},"end":{"line":20,"column":5}},"line":15},"3":{"name":"defaultDependencies","decl":{"start":{"line":24,"column":9},"end":{"line":24,"column":28}},"loc":{"start":{"line":24,"column":31},"end":{"line":39,"column":1}},"line":24},"4":{"name":"(anonymous_4)","decl":{"start":{"line":26,"column":21},"end":{"line":26,"column":22}},"loc":{"start":{"line":26,"column":29},"end":{"line":26,"column":68}},"line":26},"5":{"name":"(anonymous_5)","decl":{"start":{"line":27,"column":20},"end":{"line":27,"column":21}},"loc":{"start":{"line":27,"column":27},"end":{"line":30,"column":5}},"line":27},"6":{"name":"(anonymous_6)","decl":{"start":{"line":31,"column":15},"end":{"line":31,"column":16}},"loc":{"start":{"line":31,"column":21},"end":{"line":31,"column":36}},"line":31},"7":{"name":"(anonymous_7)","decl":{"start":{"line":32,"column":16},"end":{"line":32,"column":17}},"loc":{"start":{"line":33,"column":6},"end":{"line":35,"column":23}},"line":33},"8":{"name":"(anonymous_8)","decl":{"start":{"line":36,"column":20},"end":{"line":36,"column":21}},"loc":{"start":{"line":37,"column":6},"end":{"line":37,"column":65}},"line":37},"9":{"name":"processZipJob","decl":{"start":{"line":41,"column":9},"end":{"line":41,"column":22}},"loc":{"start":{"line":41,"column":50},"end":{"line":89,"column":1}},"line":41},"10":{"name":"(anonymous_10)","decl":{"start":{"line":47,"column":49},"end":{"line":47,"column":50}},"loc":{"start":{"line":47,"column":59},"end":{"line":88,"column":3}},"line":47},"11":{"name":"(anonymous_11)","decl":{"start":{"line":65,"column":23},"end":{"line":65,"column":24}},"loc":{"start":{"line":65,"column":44},"end":{"line":87,"column":5}},"line":65},"12":{"name":"(anonymous_12)","decl":{"start":{"line":68,"column":34},"end":{"line":68,"column":35}},"loc":{"start":{"line":68,"column":40},"end":{"line":73,"column":7}},"line":68},"13":{"name":"(anonymous_13)","decl":{"start":{"line":78,"column":16},"end":{"line":78,"column":17}},"loc":{"start":{"line":78,"column":49},"end":{"line":84,"column":9}},"line":78},"14":{"name":"(anonymous_14)","decl":{"start":{"line":79,"column":36},"end":{"line":79,"column":37}},"loc":{"start":{"line":79,"column":42},"end":{"line":83,"column":11}},"line":79},"15":{"name":"(anonymous_15)","decl":{"start":{"line":85,"column":14},"end":{"line":85,"column":15}},"loc":{"start":{"line":85,"column":20},"end":{"line":85,"column":34}},"line":85}},"branchMap":{"0":{"loc":{"start":{"line":16,"column":6},"end":{"line":18,"column":7}},"type":"if","locations":[{"start":{"line":16,"column":6},"end":{"line":18,"column":7}},{"start":{},"end":{}}],"line":16},"1":{"loc":{"start":{"line":34,"column":16},"end":{"line":34,"column":65}},"type":"binary-expr","locations":[{"start":{"line":34,"column":16},"end":{"line":34,"column":42}},{"start":{"line":34,"column":46},"end":{"line":34,"column":65}}],"line":34},"2":{"loc":{"start":{"line":44,"column":4},"end":{"line":44,"column":29}},"type":"binary-expr","locations":[{"start":{"line":44,"column":4},"end":{"line":44,"column":23}},{"start":{"line":44,"column":27},"end":{"line":44,"column":29}}],"line":44},"3":{"loc":{"start":{"line":50,"column":4},"end":{"line":52,"column":5}},"type":"if","locations":[{"start":{"line":50,"column":4},"end":{"line":52,"column":5}},{"start":{},"end":{}}],"line":50},"4":{"loc":{"start":{"line":80,"column":29},"end":{"line":80,"column":59}},"type":"binary-expr","locations":[{"start":{"line":80,"column":29},"end":{"line":80,"column":42}},{"start":{"line":80,"column":46},"end":{"line":80,"column":59}}],"line":80}},"s":{"0":2,"1":2,"2":2,"3":2,"4":2,"5":2,"6":2,"7":2,"8":10,"9":10,"10":10,"11":10,"12":0,"13":10,"14":2,"15":0,"16":0,"17":0,"18":1,"19":0,"20":0,"21":2,"22":2,"23":2,"24":2,"25":1,"26":1,"27":1,"28":1,"29":1,"30":1,"31":1,"32":1,"33":1,"34":1,"35":1,"36":1,"37":10,"38":10,"39":10,"40":10,"41":1,"42":2},"f":{"0":10,"1":10,"2":10,"3":2,"4":0,"5":0,"6":1,"7":0,"8":0,"9":2,"10":2,"11":1,"12":1,"13":10,"14":10,"15":1},"b":{"0":[0,10],"1":[0,0],"2":[2,0],"3":[1,1],"4":[10,0]},"_coverageSchema":"1a1c01bbd47fc00a2c39e90264f33305004495a9","hash":"ef242c2daa07bc15a3a43e471a16c4ae08c558fc"}
,"/Users/thibaudevrard/Downloads/Archive/app/zip_producer.js": {"path":"/Users/thibaudevrard/Downloads/Archive/app/zip_producer.js","statementMap":{"0":{"start":{"line":1,"column":17},"end":{"line":1,"column":48}},"1":{"start":{"line":3,"column":19},"end":{"line":3,"column":31}},"2":{"start":{"line":4,"column":19},"end":{"line":4,"column":28}},"3":{"start":{"line":6,"column":21},"end":{"line":6,"column":56}},"4":{"start":{"line":7,"column":14},"end":{"line":7,"column":44}},"5":{"start":{"line":10,"column":15},"end":{"line":10,"column":50}},"6":{"start":{"line":11,"column":2},"end":{"line":11,"column":38}},"7":{"start":{"line":14,"column":0},"end":{"line":16,"column":2}}},"fnMap":{"0":{"name":"publishTags","decl":{"start":{"line":9,"column":9},"end":{"line":9,"column":20}},"loc":{"start":{"line":9,"column":27},"end":{"line":12,"column":1}},"line":9}},"branchMap":{},"s":{"0":2,"1":2,"2":2,"3":2,"4":2,"5":1,"6":1,"7":2},"f":{"0":1},"b":{},"_coverageSchema":"1a1c01bbd47fc00a2c39e90264f33305004495a9","hash":"7e96f36909fba8bc70024007cfdfe87500efe228"}
,"/Users/thibaudevrard/Downloads/Archive/app/zip_storage.js": {"path":"/Users/thibaudevrard/Downloads/Archive/app/zip_storage.js","statementMap":{"0":{"start":{"line":1,"column":18},"end":{"line":1,"column":50}},"1":{"start":{"line":2,"column":15},"end":{"line":2,"column":32}},"2":{"start":{"line":4,"column":19},"end":{"line":4,"column":31}},"3":{"start":{"line":5,"column":28},"end":{"line":5,"column":45}},"4":{"start":{"line":7,"column":16},"end":{"line":7,"column":52}},"5":{"start":{"line":10,"column":18},"end":{"line":13,"column":3}},"6":{"start":{"line":15,"column":2},"end":{"line":19,"column":39}},"7":{"start":{"line":19,"column":24},"end":{"line":19,"column":37}},"8":{"start":{"line":22,"column":0},"end":{"line":24,"column":2}}},"fnMap":{"0":{"name":"getSignedDownloadUrl","decl":{"start":{"line":9,"column":9},"end":{"line":9,"column":29}},"loc":{"start":{"line":9,"column":40},"end":{"line":20,"column":1}},"line":9},"1":{"name":"(anonymous_1)","decl":{"start":{"line":19,"column":10},"end":{"line":19,"column":11}},"loc":{"start":{"line":19,"column":24},"end":{"line":19,"column":37}},"line":19}},"branchMap":{"0":{"loc":{"start":{"line":16,"column":12},"end":{"line":16,"column":61}},"type":"binary-expr","locations":[{"start":{"line":16,"column":12},"end":{"line":16,"column":38}},{"start":{"line":16,"column":42},"end":{"line":16,"column":61}}],"line":16}},"s":{"0":2,"1":2,"2":2,"3":2,"4":2,"5":1,"6":1,"7":1,"8":2},"f":{"0":1,"1":1},"b":{"0":[1,0]},"_coverageSchema":"1a1c01bbd47fc00a2c39e90264f33305004495a9","hash":"cdf58956c1a5a6e489b62b04d87344322b80b523"}
,"/Users/thibaudevrard/Downloads/Archive/app/zip_worker.js": {"path":"/Users/thibaudevrard/Downloads/Archive/app/zip_worker.js","statementMap":{"0":{"start":{"line":1,"column":17},"end":{"line":1,"column":48}},"1":{"start":{"line":2,"column":25},"end":{"line":2,"column":56}},"2":{"start":{"line":3,"column":17},"end":{"line":3,"column":39}},"3":{"start":{"line":4,"column":15},"end":{"line":4,"column":35}},"4":{"start":{"line":5,"column":19},"end":{"line":5,"column":43}},"5":{"start":{"line":7,"column":19},"end":{"line":7,"column":31}},"6":{"start":{"line":8,"column":26},"end":{"line":8,"column":35}},"7":{"start":{"line":10,"column":21},"end":{"line":10,"column":56}},"8":{"start":{"line":11,"column":21},"end":{"line":11,"column":65}},"9":{"start":{"line":14,"column":25},"end":{"line":38,"column":3}},"10":{"start":{"line":15,"column":17},"end":{"line":15,"column":52}},"11":{"start":{"line":16,"column":4},"end":{"line":16,"column":60}},"12":{"start":{"line":18,"column":4},"end":{"line":37,"column":9}},"13":{"start":{"line":21,"column":8},"end":{"line":27,"column":11}},"14":{"start":{"line":24,"column":12},"end":{"line":26,"column":33}},"15":{"start":{"line":26,"column":26},"end":{"line":26,"column":32}},"16":{"start":{"line":30,"column":8},"end":{"line":30,"column":60}},"17":{"start":{"line":31,"column":8},"end":{"line":31,"column":76}},"18":{"start":{"line":32,"column":8},"end":{"line":32,"column":22}},"19":{"start":{"line":35,"column":8},"end":{"line":35,"column":65}},"20":{"start":{"line":36,"column":8},"end":{"line":36,"column":23}},"21":{"start":{"line":40,"column":23},"end":{"line":42,"column":3}},"22":{"start":{"line":41,"column":4},"end":{"line":41,"column":53}},"23":{"start":{"line":44,"column":2},"end":{"line":44,"column":45}},"24":{"start":{"line":45,"column":2},"end":{"line":45,"column":41}},"25":{"start":{"line":47,"column":2},"end":{"line":47,"column":22}},"26":{"start":{"line":50,"column":0},"end":{"line":52,"column":2}}},"fnMap":{"0":{"name":"listenForMessages","decl":{"start":{"line":13,"column":9},"end":{"line":13,"column":26}},"loc":{"start":{"line":13,"column":29},"end":{"line":48,"column":1}},"line":13},"1":{"name":"(anonymous_1)","decl":{"start":{"line":14,"column":25},"end":{"line":14,"column":26}},"loc":{"start":{"line":14,"column":36},"end":{"line":38,"column":3}},"line":14},"2":{"name":"(anonymous_2)","decl":{"start":{"line":20,"column":12},"end":{"line":20,"column":13}},"loc":{"start":{"line":21,"column":8},"end":{"line":27,"column":11}},"line":21},"3":{"name":"(anonymous_3)","decl":{"start":{"line":23,"column":16},"end":{"line":23,"column":17}},"loc":{"start":{"line":24,"column":12},"end":{"line":26,"column":33}},"line":24},"4":{"name":"(anonymous_4)","decl":{"start":{"line":26,"column":20},"end":{"line":26,"column":21}},"loc":{"start":{"line":26,"column":26},"end":{"line":26,"column":32}},"line":26},"5":{"name":"(anonymous_5)","decl":{"start":{"line":29,"column":12},"end":{"line":29,"column":13}},"loc":{"start":{"line":29,"column":22},"end":{"line":33,"column":7}},"line":29},"6":{"name":"(anonymous_6)","decl":{"start":{"line":34,"column":13},"end":{"line":34,"column":14}},"loc":{"start":{"line":34,"column":22},"end":{"line":37,"column":7}},"line":34},"7":{"name":"(anonymous_7)","decl":{"start":{"line":40,"column":23},"end":{"line":40,"column":24}},"loc":{"start":{"line":40,"column":32},"end":{"line":42,"column":3}},"line":40}},"branchMap":{},"s":{"0":2,"1":2,"2":2,"3":2,"4":2,"5":2,"6":2,"7":2,"8":2,"9":4,"10":3,"11":3,"12":3,"13":2,"14":2,"15":1,"16":1,"17":1,"18":1,"19":2,"20":2,"21":4,"22":1,"23":4,"24":4,"25":4,"26":2},"f":{"0":4,"1":3,"2":2,"3":2,"4":1,"5":1,"6":2,"7":1},"b":{},"_coverageSchema":"1a1c01bbd47fc00a2c39e90264f33305004495a9","hash":"0f319656a1eb8c4dc1021e11103f51dbae9f1041"}
}
