TN:
SF:app/firebase_app.js
FN:5,getFirebaseApp
FNF:1
FNH:0
FNDA:0,getFirebaseApp
DA:1,1
DA:3,1
DA:6,0
DA:8,0
DA:9,0
DA:12,0
DA:18,1
LF:7
LH:3
BRDA:8,0,0,0
BRDA:8,0,1,0
BRF:2
BRH:0
end_of_record
TN:
SF:app/firebase_auth.js
FN:4,requireFirebaseAuth
FN:14,(anonymous_1)
FN:18,(anonymous_2)
FNF:3
FNH:3
FNDA:3,requireFirebaseAuth
FNDA:1,(anonymous_1)
FNDA:1,(anonymous_2)
DA:1,1
DA:2,1
DA:5,3
DA:6,3
DA:8,3
DA:9,1
DA:12,2
DA:15,1
DA:16,1
DA:18,1
DA:21,1
LF:11
LH:11
BRDA:5,0,0,3
BRDA:5,0,1,1
BRDA:8,1,0,1
BRDA:8,1,1,2
BRF:4
BRH:4
end_of_record
TN:
SF:app/firebase_zip_store.js
FN:7,getZipKey
FN:11,(anonymous_1)
FN:15,saveSuccessfulZip
FN:33,(anonymous_3)
FNF:4
FNH:4
FNDA:1,getZipKey
FNDA:7,(anonymous_1)
FNDA:1,saveSuccessfulZip
FNDA:1,(anonymous_3)
DA:1,2
DA:2,2
DA:3,2
DA:5,2
DA:8,1
DA:9,1
DA:11,7
DA:16,1
DA:17,1
DA:18,1
DA:23,1
DA:33,1
DA:36,2
LF:13
LH:13
BRDA:11,0,0,0
BRDA:11,0,1,7
BRDA:17,1,0,1
BRDA:17,1,1,0
BRF:4
BRH:2
end_of_record
TN:
SF:app/form_validator.js
FN:1,isValidCommaDelimitedList
FN:7,isValidTagmode
FN:11,hasValidFlickrAPIParams
FNF:3
FNH:3
FNDA:17,isValidCommaDelimitedList
FNDA:9,isValidTagmode
FNDA:8,hasValidFlickrAPIParams
DA:3,17
DA:4,17
DA:8,9
DA:12,8
DA:15,2
LF:5
LH:5
BRDA:8,0,0,9
BRDA:8,0,1,3
BRDA:12,1,0,8
BRDA:12,1,1,6
BRF:4
BRH:4
end_of_record
TN:
SF:app/job_store.js
FN:3,markSuccessful
FN:9,getJob
FNF:2
FNH:2
FNDA:1,markSuccessful
FNDA:1,getJob
DA:1,2
DA:4,1
DA:5,1
DA:6,1
DA:10,1
DA:13,2
LF:6
LH:6
BRF:0
BRH:0
end_of_record
TN:
SF:app/jsonp_helper.js
FN:1,parseJSONP
FNF:1
FNH:1
FNDA:5,parseJSONP
DA:2,5
DA:3,5
DA:4,5
DA:5,5
DA:8,5
DA:10,5
DA:12,2
DA:13,2
DA:17,5
LF:9
LH:9
BRF:0
BRH:0
end_of_record
TN:
SF:app/photo_model.js
FN:4,getFlickrPhotos
FN:10,(anonymous_1)
FN:13,(anonymous_2)
FNF:3
FNH:3
FNDA:3,getFlickrPhotos
FNDA:2,(anonymous_1)
FNDA:2,(anonymous_2)
DA:1,4
DA:2,4
DA:5,3
DA:6,3
DA:8,3
DA:10,3
DA:11,2
DA:13,1
DA:14,2
DA:15,2
DA:19,1
DA:23,4
LF:12
LH:12
BRF:0
BRH:0
end_of_record
TN:
SF:app/route.js
FN:8,getZipUrl
FN:16,route
FN:17,(anonymous_2)
FN:47,(anonymous_3)
FN:53,(anonymous_4)
FN:59,(anonymous_5)
FN:68,(anonymous_6)
FN:69,(anonymous_7)
FN:75,(anonymous_8)
FN:89,(anonymous_9)
FN:90,(anonymous_10)
FNF:11
FNH:10
FNDA:4,getZipUrl
FNDA:1,route
FNDA:6,(anonymous_2)
FNDA:3,(anonymous_3)
FNDA:1,(anonymous_4)
FNDA:3,(anonymous_5)
FNDA:1,(anonymous_6)
FNDA:1,(anonymous_7)
FNDA:2,(anonymous_8)
FNDA:1,(anonymous_9)
FNDA:0,(anonymous_10)
DA:1,1
DA:2,1
DA:3,1
DA:4,1
DA:5,1
DA:6,1
DA:9,4
DA:10,4
DA:11,3
DA:13,1
DA:17,1
DA:18,6
DA:19,6
DA:21,6
DA:32,6
DA:33,1
DA:37,5
DA:38,1
DA:39,1
DA:43,4
DA:48,3
DA:49,3
DA:50,3
DA:51,3
DA:54,1
DA:55,1
DA:59,1
DA:60,3
DA:62,3
DA:63,1
DA:66,2
DA:68,1
DA:70,1
DA:71,1
DA:75,1
DA:76,2
DA:78,2
DA:79,0
DA:82,2
DA:83,2
DA:84,1
DA:87,1
DA:89,1
DA:91,0
DA:92,0
DA:97,1
LF:46
LH:43
BRDA:10,0,0,3
BRDA:10,0,1,1
BRDA:22,1,0,6
BRDA:22,1,1,1
BRDA:23,2,0,6
BRDA:23,2,1,1
BRDA:26,3,0,6
BRDA:26,3,1,6
BRDA:32,4,0,1
BRDA:32,4,1,5
BRDA:32,5,0,6
BRDA:32,5,1,1
BRDA:37,6,0,1
BRDA:37,6,1,4
BRDA:62,7,0,1
BRDA:62,7,1,2
BRDA:62,8,0,3
BRDA:62,8,1,3
BRDA:78,9,0,0
BRDA:78,9,1,2
BRDA:78,10,0,2
BRDA:78,10,1,2
BRDA:83,11,0,1
BRDA:83,11,1,1
BRF:24
BRH:23
end_of_record
TN:
SF:app/server.js
FNF:0
FNH:0
DA:1,1
DA:3,1
DA:4,1
DA:5,1
DA:6,1
DA:8,1
DA:11,1
DA:12,1
DA:13,1
DA:16,1
DA:17,1
DA:18,1
DA:21,1
DA:24,1
DA:25,1
DA:26,1
DA:27,1
DA:29,1
LF:18
LH:18
BRDA:24,0,0,1
BRDA:24,0,1,0
BRF:2
BRH:1
end_of_record
TN:
SF:app/zip_job.js
FN:12,addZipEntry
FN:13,(anonymous_1)
FN:15,(anonymous_2)
FN:24,defaultDependencies
FN:26,(anonymous_4)
FN:27,(anonymous_5)
FN:31,(anonymous_6)
FN:32,(anonymous_7)
FN:36,(anonymous_8)
FN:41,processZipJob
FN:47,(anonymous_10)
FN:65,(anonymous_11)
FN:68,(anonymous_12)
FN:78,(anonymous_13)
FN:79,(anonymous_14)
FN:85,(anonymous_15)
FNF:16
FNH:12
FNDA:10,addZipEntry
FNDA:10,(anonymous_1)
FNDA:10,(anonymous_2)
FNDA:2,defaultDependencies
FNDA:0,(anonymous_4)
FNDA:0,(anonymous_5)
FNDA:1,(anonymous_6)
FNDA:0,(anonymous_7)
FNDA:0,(anonymous_8)
FNDA:2,processZipJob
FNDA:2,(anonymous_10)
FNDA:1,(anonymous_11)
FNDA:1,(anonymous_12)
FNDA:10,(anonymous_13)
FNDA:10,(anonymous_14)
FNDA:1,(anonymous_15)
DA:1,2
DA:2,2
DA:3,2
DA:4,2
DA:6,2
DA:7,2
DA:8,2
DA:10,2
DA:13,10
DA:14,10
DA:15,10
DA:16,10
DA:17,0
DA:19,10
DA:25,2
DA:26,0
DA:28,0
DA:29,0
DA:31,1
DA:33,0
DA:37,0
DA:42,2
DA:47,2
DA:48,2
DA:50,2
DA:51,1
DA:54,1
DA:55,1
DA:56,1
DA:63,1
DA:65,1
DA:66,1
DA:67,1
DA:68,1
DA:69,1
DA:75,1
DA:77,1
DA:79,10
DA:80,10
DA:81,10
DA:82,10
DA:85,1
DA:91,2
LF:43
LH:37
BRDA:16,0,0,0
BRDA:16,0,1,10
BRDA:34,1,0,0
BRDA:34,1,1,0
BRDA:44,2,0,2
BRDA:44,2,1,0
BRDA:50,3,0,1
BRDA:50,3,1,1
BRDA:80,4,0,10
BRDA:80,4,1,0
BRF:10
BRH:5
end_of_record
TN:
SF:app/zip_producer.js
FN:9,publishTags
FNF:1
FNH:1
FNDA:1,publishTags
DA:1,2
DA:3,2
DA:4,2
DA:6,2
DA:7,2
DA:10,1
DA:11,1
DA:14,2
LF:8
LH:8
BRF:0
BRH:0
end_of_record
TN:
SF:app/zip_storage.js
FN:9,getSignedDownloadUrl
FN:19,(anonymous_1)
FNF:2
FNH:2
FNDA:1,getSignedDownloadUrl
FNDA:1,(anonymous_1)
DA:1,2
DA:2,2
DA:4,2
DA:5,2
DA:7,2
DA:10,1
DA:15,1
DA:19,1
DA:22,2
LF:9
LH:9
BRDA:16,0,0,1
BRDA:16,0,1,0
BRF:2
BRH:1
end_of_record
TN:
SF:app/zip_worker.js
FN:13,listenForMessages
FN:14,(anonymous_1)
FN:20,(anonymous_2)
FN:23,(anonymous_3)
FN:26,(anonymous_4)
FN:29,(anonymous_5)
FN:34,(anonymous_6)
FN:40,(anonymous_7)
FNF:8
FNH:8
FNDA:4,listenForMessages
FNDA:3,(anonymous_1)
FNDA:2,(anonymous_2)
FNDA:2,(anonymous_3)
FNDA:1,(anonymous_4)
FNDA:1,(anonymous_5)
FNDA:2,(anonymous_6)
FNDA:1,(anonymous_7)
DA:1,2
DA:2,2
DA:3,2
DA:4,2
DA:5,2
DA:7,2
DA:8,2
DA:10,2
DA:11,2
DA:14,4
DA:15,3
DA:16,3
DA:18,3
DA:21,2
DA:24,2
DA:26,1
DA:30,1
DA:31,1
DA:32,1
DA:35,2
DA:36,2
DA:40,4
DA:41,1
DA:44,4
DA:45,4
DA:47,4
DA:50,2
LF:27
LH:27
BRF:0
BRH:0
end_of_record
