TN:
SF:app/form_validator.js
FN:1,isValidCommaDelimitedList
FN:7,isValidTagmode
FN:11,hasValidFlickrAPIParams
FNF:3
FNH:3
FNDA:14,isValidCommaDelimitedList
FNDA:8,isValidTagmode
FNDA:7,hasValidFlickrAPIParams
DA:3,14
DA:4,14
DA:8,8
DA:12,7
DA:15,2
LF:5
LH:5
BRDA:8,0,0,8
BRDA:8,0,1,3
BRDA:12,1,0,7
BRDA:12,1,1,5
BRF:4
BRH:4
end_of_record
TN:
SF:app/job_store.js
FN:3,markSuccessful
FN:9,getJob
FNF:2
FNH:2
FNDA:1,markSuccessful
FNDA:1,getJob
DA:1,2
DA:4,1
DA:5,1
DA:6,1
DA:10,1
DA:13,2
LF:6
LH:6
BRF:0
BRH:0
end_of_record
TN:
SF:app/jsonp_helper.js
FN:1,parseJSONP
FNF:1
FNH:1
FNDA:5,parseJSONP
DA:2,5
DA:3,5
DA:4,5
DA:5,5
DA:8,5
DA:10,5
DA:12,2
DA:13,2
DA:17,5
LF:9
LH:9
BRF:0
BRH:0
end_of_record
TN:
SF:app/photo_model.js
FN:4,getFlickrPhotos
FN:10,(anonymous_1)
FN:13,(anonymous_2)
FNF:3
FNH:3
FNDA:3,getFlickrPhotos
FNDA:2,(anonymous_1)
FNDA:2,(anonymous_2)
DA:1,4
DA:2,4
DA:5,3
DA:6,3
DA:8,3
DA:10,3
DA:11,2
DA:13,1
DA:14,2
DA:15,2
DA:19,1
DA:23,4
LF:12
LH:12
BRF:0
BRH:0
end_of_record
TN:
SF:app/route.js
FN:5,route
FN:6,(anonymous_1)
FN:32,(anonymous_2)
FN:37,(anonymous_3)
FN:43,(anonymous_4)
FN:52,(anonymous_5)
FN:53,(anonymous_6)
FNF:7
FNH:7
FNDA:1,route
FNDA:5,(anonymous_1)
FNDA:2,(anonymous_2)
FNDA:1,(anonymous_3)
FNDA:3,(anonymous_4)
FNDA:1,(anonymous_5)
FNDA:1,(anonymous_6)
DA:1,1
DA:2,1
DA:3,1
DA:6,1
DA:7,5
DA:8,5
DA:10,5
DA:19,5
DA:20,1
DA:24,4
DA:25,1
DA:26,1
DA:30,3
DA:33,2
DA:34,2
DA:35,2
DA:38,1
DA:39,1
DA:43,1
DA:44,3
DA:46,3
DA:47,1
DA:50,2
DA:52,1
DA:54,1
DA:55,1
DA:60,1
LF:27
LH:27
BRDA:11,0,0,5
BRDA:11,0,1,1
BRDA:12,1,0,5
BRDA:12,1,1,1
BRDA:19,2,0,1
BRDA:19,2,1,4
BRDA:19,3,0,5
BRDA:19,3,1,1
BRDA:24,4,0,1
BRDA:24,4,1,3
BRDA:46,5,0,1
BRDA:46,5,1,2
BRDA:46,6,0,3
BRDA:46,6,1,3
BRF:14
BRH:14
end_of_record
TN:
SF:app/server.js
FNF:0
FNH:0
DA:1,1
DA:3,1
DA:4,1
DA:5,1
DA:6,1
DA:8,1
DA:11,1
DA:12,1
DA:13,1
DA:16,1
DA:17,1
DA:18,1
DA:21,1
DA:24,1
DA:25,1
DA:26,1
DA:27,1
DA:29,1
LF:18
LH:18
BRDA:24,0,0,1
BRDA:24,0,1,0
BRF:2
BRH:1
end_of_record
TN:
SF:app/zip_job.js
FN:12,addZipEntry
FN:13,(anonymous_1)
FN:15,(anonymous_2)
FN:24,defaultDependencies
FN:26,(anonymous_4)
FN:27,(anonymous_5)
FN:31,(anonymous_6)
FN:32,(anonymous_7)
FN:33,(anonymous_8)
FN:38,processZipJob
FN:44,(anonymous_10)
FN:62,(anonymous_11)
FN:65,(anonymous_12)
FN:76,(anonymous_13)
FN:77,(anonymous_14)
FN:83,(anonymous_15)
FNF:16
FNH:12
FNDA:10,addZipEntry
FNDA:10,(anonymous_1)
FNDA:10,(anonymous_2)
FNDA:2,defaultDependencies
FNDA:0,(anonymous_4)
FNDA:0,(anonymous_5)
FNDA:1,(anonymous_6)
FNDA:0,(anonymous_7)
FNDA:0,(anonymous_8)
FNDA:2,processZipJob
FNDA:2,(anonymous_10)
FNDA:1,(anonymous_11)
FNDA:1,(anonymous_12)
FNDA:10,(anonymous_13)
FNDA:10,(anonymous_14)
FNDA:1,(anonymous_15)
DA:1,2
DA:2,2
DA:3,2
DA:4,2
DA:6,2
DA:7,2
DA:8,2
DA:10,2
DA:13,10
DA:14,10
DA:15,10
DA:16,10
DA:17,0
DA:19,10
DA:25,2
DA:26,0
DA:28,0
DA:29,0
DA:31,1
DA:32,0
DA:34,0
DA:39,2
DA:44,2
DA:45,2
DA:47,2
DA:48,1
DA:51,1
DA:52,1
DA:53,1
DA:60,1
DA:62,1
DA:63,1
DA:64,1
DA:65,1
DA:66,1
DA:73,1
DA:75,1
DA:77,10
DA:78,10
DA:79,10
DA:80,10
DA:83,1
DA:89,2
LF:43
LH:37
BRDA:16,0,0,0
BRDA:16,0,1,10
BRDA:41,1,0,2
BRDA:41,1,1,0
BRDA:47,2,0,1
BRDA:47,2,1,1
BRDA:78,3,0,10
BRDA:78,3,1,0
BRF:8
BRH:5
end_of_record
TN:
SF:app/zip_producer.js
FN:9,publishTags
FNF:1
FNH:1
FNDA:1,publishTags
DA:1,2
DA:3,2
DA:4,2
DA:6,2
DA:7,2
DA:10,1
DA:11,1
DA:14,2
LF:8
LH:8
BRF:0
BRH:0
end_of_record
TN:
SF:app/zip_worker.js
FN:11,listenForMessages
FN:12,(anonymous_1)
FN:18,(anonymous_2)
FN:23,(anonymous_3)
FN:29,(anonymous_4)
FNF:5
FNH:5
FNDA:3,listenForMessages
FNDA:2,(anonymous_1)
FNDA:1,(anonymous_2)
FNDA:1,(anonymous_3)
FNDA:1,(anonymous_4)
DA:1,2
DA:2,2
DA:3,2
DA:5,2
DA:6,2
DA:8,2
DA:9,2
DA:12,3
DA:13,2
DA:14,2
DA:16,2
DA:19,1
DA:20,1
DA:21,1
DA:24,1
DA:25,1
DA:29,3
DA:30,1
DA:33,3
DA:34,3
DA:36,3
DA:39,2
LF:22
LH:22
BRF:0
BRH:0
end_of_record
